<?xml version="1.0" encoding="UTF-8"?>
<!-- Generated by org.testng.reporters.JUnitReportReporter -->
<testsuite hostname="LAPTOP-1VSVM4NU" failures="0" tests="2" name="runner.RunCuke" time="97.844" errors="0" timestamp="2021-03-04T06:09:56 IST" skipped="0">
  <testcase classname="runner.RunCuke" name="feature" time="44.079"/>
  <system-out/>
  <testcase classname="runner.RunCuke" name="feature" time="53.765"/>
  <system-out/>
</testsuite> <!-- runner.RunCuke -->
